\BOOKMARK [1][-]{section.1}{Artificial Intelligence}{}% 1
\BOOKMARK [2][-]{subsection.1.1}{What is Intelligence?}{section.1}% 2
\BOOKMARK [2][-]{subsection.1.2}{The History of Artificial Intelligence}{section.1}% 3
\BOOKMARK [2][-]{subsection.1.3}{Approaches to Artificial Intelligence}{section.1}% 4
\BOOKMARK [1][-]{section.2}{Logic, Fuzzy Logic, and Fuzzy Control Systems}{}% 5
\BOOKMARK [1][-]{section.3}{Topological Concepts}{}% 6
\BOOKMARK [1][-]{section.4}{Sparse Distributed Representations}{}% 7
\BOOKMARK [2][-]{subsection.4.1}{Key Concepts}{section.4}% 8
\BOOKMARK [2][-]{subsection.4.2}{Defining a Metric Space on SDRs}{section.4}% 9
\BOOKMARK [2][-]{subsection.4.3}{Numenta's Quotient Topology}{section.4}% 10
\BOOKMARK [2][-]{subsection.4.4}{Encoding}{section.4}% 11
\BOOKMARK [1][-]{section.5}{Hierarchical Temporal Memory}{}% 12
\BOOKMARK [2][-]{subsection.5.1}{Cells}{section.5}% 13
\BOOKMARK [2][-]{subsection.5.2}{Initialization and Encoding}{section.5}% 14
\BOOKMARK [2][-]{subsection.5.3}{Spatial Pooler}{section.5}% 15
\BOOKMARK [2][-]{subsection.5.4}{Temporal Pooler}{section.5}% 16
\BOOKMARK [2][-]{subsection.5.5}{Hierarchy}{section.5}% 17
\BOOKMARK [2][-]{subsection.5.6}{Decoding}{section.5}% 18
\BOOKMARK [1][-]{section.6}{Literature Review}{}% 19
\BOOKMARK [1][-]{section.7}{Proposed Work}{}% 20
